Generated /Users/rramalho/workspace/jvm-analisys/vertx/web-examples/src/main/groovy/io/vertx/example/web/blockinghandler/server.groovy
Generated /Users/rramalho/workspace/jvm-analisys/vertx/web-examples/src/main/kotlin/io/vertx/example/web/blockinghandler/Server.kt
Generated /Users/rramalho/workspace/jvm-analisys/vertx/web-examples/src/main/js/io/vertx/example/web/blockinghandler/server.js
Generated /Users/rramalho/workspace/jvm-analisys/vertx/web-examples/src/main/ruby/io/vertx/example/web/blockinghandler/server.rb
Generated /Users/rramalho/workspace/jvm-analisys/vertx/web-examples/src/main/groovy/io/vertx/example/web/rest/simple_rest.groovy
Generated /Users/rramalho/workspace/jvm-analisys/vertx/web-examples/src/main/kotlin/io/vertx/example/web/rest/SimpleREST.kt
Skipping js translation for io.vertx.example.web.rest.SimpleREST#startGenerated /Users/rramalho/workspace/jvm-analisys/vertx/web-examples/src/main/ruby/io/vertx/example/web/rest/simple_rest.rb
Skipping groovy translation for io.vertx.example.web.angularjs.Server#startSkipping kotlin translation for io.vertx.example.web.angularjs.Server#startSkipping js translation for io.vertx.example.web.angularjs.Server#startSkipping ruby translation for io.vertx.example.web.angularjs.Server#startSkipping groovy translation for io.vertx.example.web.templating.thymeleaf.Server#startSkipping kotlin translation for io.vertx.example.web.templating.thymeleaf.Server#startSkipping js translation for io.vertx.example.web.templating.thymeleaf.Server#startSkipping ruby translation for io.vertx.example.web.templating.thymeleaf.Server#startSkipping groovy translation for io.vertx.example.web.templating.jade.Server#startSkipping kotlin translation for io.vertx.example.web.templating.jade.Server#startSkipping js translation for io.vertx.example.web.templating.jade.Server#startSkipping ruby translation for io.vertx.example.web.templating.jade.Server#startGenerated /Users/rramalho/workspace/jvm-analisys/vertx/web-examples/src/main/groovy/io/vertx/example/web/cookie/server.groovy
Copying resource /Users/rramalho/workspace/jvm-analisys/vertx/web-examples/src/main/java/io/vertx/example/web/cookie/webroot/index.html to /Users/rramalho/workspace/jvm-analisys/vertx/web-examples/src/main/groovy/io/vertx/example/web/cookie
Generated /Users/rramalho/workspace/jvm-analisys/vertx/web-examples/src/main/kotlin/io/vertx/example/web/cookie/Server.kt
Copying resource /Users/rramalho/workspace/jvm-analisys/vertx/web-examples/src/main/java/io/vertx/example/web/cookie/webroot/index.html to /Users/rramalho/workspace/jvm-analisys/vertx/web-examples/src/main/kotlin/io/vertx/example/web/cookie
Generated /Users/rramalho/workspace/jvm-analisys/vertx/web-examples/src/main/js/io/vertx/example/web/cookie/server.js
Copying resource /Users/rramalho/workspace/jvm-analisys/vertx/web-examples/src/main/java/io/vertx/example/web/cookie/webroot/index.html to /Users/rramalho/workspace/jvm-analisys/vertx/web-examples/src/main/js/io/vertx/example/web/cookie
Generated /Users/rramalho/workspace/jvm-analisys/vertx/web-examples/src/main/ruby/io/vertx/example/web/cookie/server.rb
Copying resource /Users/rramalho/workspace/jvm-analisys/vertx/web-examples/src/main/java/io/vertx/example/web/cookie/webroot/index.html to /Users/rramalho/workspace/jvm-analisys/vertx/web-examples/src/main/ruby/io/vertx/example/web/cookie
Generated /Users/rramalho/workspace/jvm-analisys/vertx/web-examples/src/main/groovy/io/vertx/example/web/helloworld/server.groovy
Generated /Users/rramalho/workspace/jvm-analisys/vertx/web-examples/src/main/kotlin/io/vertx/example/web/helloworld/Server.kt
Generated /Users/rramalho/workspace/jvm-analisys/vertx/web-examples/src/main/js/io/vertx/example/web/helloworld/server.js
Generated /Users/rramalho/workspace/jvm-analisys/vertx/web-examples/src/main/ruby/io/vertx/example/web/helloworld/server.rb
Skipping groovy translation for io.vertx.example.web.vertxbus.amd.Server#startSkipping kotlin translation for io.vertx.example.web.vertxbus.amd.Server#startSkipping js translation for io.vertx.example.web.vertxbus.amd.Server#startSkipping ruby translation for io.vertx.example.web.vertxbus.amd.Server#startGenerated /Users/rramalho/workspace/jvm-analisys/vertx/web-examples/src/main/groovy/io/vertx/example/web/authjdbc/server.groovy
Copying resource /Users/rramalho/workspace/jvm-analisys/vertx/web-examples/src/main/java/io/vertx/example/web/authjdbc/private/private_page.html to /Users/rramalho/workspace/jvm-analisys/vertx/web-examples/src/main/groovy/io/vertx/example/web/authjdbc
Copying resource /Users/rramalho/workspace/jvm-analisys/vertx/web-examples/src/main/java/io/vertx/example/web/authjdbc/webroot/index.html to /Users/rramalho/workspace/jvm-analisys/vertx/web-examples/src/main/groovy/io/vertx/example/web/authjdbc
Copying resource /Users/rramalho/workspace/jvm-analisys/vertx/web-examples/src/main/java/io/vertx/example/web/authjdbc/webroot/loginpage.html to /Users/rramalho/workspace/jvm-analisys/vertx/web-examples/src/main/groovy/io/vertx/example/web/authjdbc
Copying resource /Users/rramalho/workspace/jvm-analisys/vertx/web-examples/src/main/java/io/vertx/example/web/authjdbc/webroot/page1.html to /Users/rramalho/workspace/jvm-analisys/vertx/web-examples/src/main/groovy/io/vertx/example/web/authjdbc
Generated /Users/rramalho/workspace/jvm-analisys/vertx/web-examples/src/main/kotlin/io/vertx/example/web/authjdbc/Server.kt
Copying resource /Users/rramalho/workspace/jvm-analisys/vertx/web-examples/src/main/java/io/vertx/example/web/authjdbc/private/private_page.html to /Users/rramalho/workspace/jvm-analisys/vertx/web-examples/src/main/kotlin/io/vertx/example/web/authjdbc
Copying resource /Users/rramalho/workspace/jvm-analisys/vertx/web-examples/src/main/java/io/vertx/example/web/authjdbc/webroot/index.html to /Users/rramalho/workspace/jvm-analisys/vertx/web-examples/src/main/kotlin/io/vertx/example/web/authjdbc
Copying resource /Users/rramalho/workspace/jvm-analisys/vertx/web-examples/src/main/java/io/vertx/example/web/authjdbc/webroot/loginpage.html to /Users/rramalho/workspace/jvm-analisys/vertx/web-examples/src/main/kotlin/io/vertx/example/web/authjdbc
Copying resource /Users/rramalho/workspace/jvm-analisys/vertx/web-examples/src/main/java/io/vertx/example/web/authjdbc/webroot/page1.html to /Users/rramalho/workspace/jvm-analisys/vertx/web-examples/src/main/kotlin/io/vertx/example/web/authjdbc
Generated /Users/rramalho/workspace/jvm-analisys/vertx/web-examples/src/main/js/io/vertx/example/web/authjdbc/server.js
Copying resource /Users/rramalho/workspace/jvm-analisys/vertx/web-examples/src/main/java/io/vertx/example/web/authjdbc/private/private_page.html to /Users/rramalho/workspace/jvm-analisys/vertx/web-examples/src/main/js/io/vertx/example/web/authjdbc
Copying resource /Users/rramalho/workspace/jvm-analisys/vertx/web-examples/src/main/java/io/vertx/example/web/authjdbc/webroot/index.html to /Users/rramalho/workspace/jvm-analisys/vertx/web-examples/src/main/js/io/vertx/example/web/authjdbc
Copying resource /Users/rramalho/workspace/jvm-analisys/vertx/web-examples/src/main/java/io/vertx/example/web/authjdbc/webroot/loginpage.html to /Users/rramalho/workspace/jvm-analisys/vertx/web-examples/src/main/js/io/vertx/example/web/authjdbc
Copying resource /Users/rramalho/workspace/jvm-analisys/vertx/web-examples/src/main/java/io/vertx/example/web/authjdbc/webroot/page1.html to /Users/rramalho/workspace/jvm-analisys/vertx/web-examples/src/main/js/io/vertx/example/web/authjdbc
Generated /Users/rramalho/workspace/jvm-analisys/vertx/web-examples/src/main/ruby/io/vertx/example/web/authjdbc/server.rb
Copying resource /Users/rramalho/workspace/jvm-analisys/vertx/web-examples/src/main/java/io/vertx/example/web/authjdbc/private/private_page.html to /Users/rramalho/workspace/jvm-analisys/vertx/web-examples/src/main/ruby/io/vertx/example/web/authjdbc
Copying resource /Users/rramalho/workspace/jvm-analisys/vertx/web-examples/src/main/java/io/vertx/example/web/authjdbc/webroot/index.html to /Users/rramalho/workspace/jvm-analisys/vertx/web-examples/src/main/ruby/io/vertx/example/web/authjdbc
Copying resource /Users/rramalho/workspace/jvm-analisys/vertx/web-examples/src/main/java/io/vertx/example/web/authjdbc/webroot/loginpage.html to /Users/rramalho/workspace/jvm-analisys/vertx/web-examples/src/main/ruby/io/vertx/example/web/authjdbc
Copying resource /Users/rramalho/workspace/jvm-analisys/vertx/web-examples/src/main/java/io/vertx/example/web/authjdbc/webroot/page1.html to /Users/rramalho/workspace/jvm-analisys/vertx/web-examples/src/main/ruby/io/vertx/example/web/authjdbc
Skipping groovy translation for io.vertx.example.web.form.Server#startSkipping kotlin translation for io.vertx.example.web.form.Server#startSkipping js translation for io.vertx.example.web.form.Server#startSkipping ruby translation for io.vertx.example.web.form.Server#startGenerated /Users/rramalho/workspace/jvm-analisys/vertx/web-examples/src/main/groovy/io/vertx/example/web/chat/server.groovy
Copying resource /Users/rramalho/workspace/jvm-analisys/vertx/web-examples/src/main/java/io/vertx/example/web/chat/webroot/index.html to /Users/rramalho/workspace/jvm-analisys/vertx/web-examples/src/main/groovy/io/vertx/example/web/chat
Copying resource /Users/rramalho/workspace/jvm-analisys/vertx/web-examples/src/main/java/io/vertx/example/web/chat/webroot/vertx-eventbus.js to /Users/rramalho/workspace/jvm-analisys/vertx/web-examples/src/main/groovy/io/vertx/example/web/chat
Generated /Users/rramalho/workspace/jvm-analisys/vertx/web-examples/src/main/kotlin/io/vertx/example/web/chat/Server.kt
Copying resource /Users/rramalho/workspace/jvm-analisys/vertx/web-examples/src/main/java/io/vertx/example/web/chat/webroot/index.html to /Users/rramalho/workspace/jvm-analisys/vertx/web-examples/src/main/kotlin/io/vertx/example/web/chat
Copying resource /Users/rramalho/workspace/jvm-analisys/vertx/web-examples/src/main/java/io/vertx/example/web/chat/webroot/vertx-eventbus.js to /Users/rramalho/workspace/jvm-analisys/vertx/web-examples/src/main/kotlin/io/vertx/example/web/chat
Generated /Users/rramalho/workspace/jvm-analisys/vertx/web-examples/src/main/js/io/vertx/example/web/chat/server.js
Copying resource /Users/rramalho/workspace/jvm-analisys/vertx/web-examples/src/main/java/io/vertx/example/web/chat/webroot/index.html to /Users/rramalho/workspace/jvm-analisys/vertx/web-examples/src/main/js/io/vertx/example/web/chat
Copying resource /Users/rramalho/workspace/jvm-analisys/vertx/web-examples/src/main/java/io/vertx/example/web/chat/webroot/vertx-eventbus.js to /Users/rramalho/workspace/jvm-analisys/vertx/web-examples/src/main/js/io/vertx/example/web/chat
Generated /Users/rramalho/workspace/jvm-analisys/vertx/web-examples/src/main/ruby/io/vertx/example/web/chat/server.rb
Copying resource /Users/rramalho/workspace/jvm-analisys/vertx/web-examples/src/main/java/io/vertx/example/web/chat/webroot/index.html to /Users/rramalho/workspace/jvm-analisys/vertx/web-examples/src/main/ruby/io/vertx/example/web/chat
Copying resource /Users/rramalho/workspace/jvm-analisys/vertx/web-examples/src/main/java/io/vertx/example/web/chat/webroot/vertx-eventbus.js to /Users/rramalho/workspace/jvm-analisys/vertx/web-examples/src/main/ruby/io/vertx/example/web/chat
Skipping groovy translation for io.vertx.example.web.realtime.Server#startSkipping kotlin translation for io.vertx.example.web.realtime.Server#startSkipping js translation for io.vertx.example.web.realtime.Server#startSkipping ruby translation for io.vertx.example.web.realtime.Server#startGenerated /Users/rramalho/workspace/jvm-analisys/vertx/web-examples/src/main/groovy/io/vertx/example/web/templating/freemarker/server.groovy
Copying resource /Users/rramalho/workspace/jvm-analisys/vertx/web-examples/src/main/java/io/vertx/example/web/templating/freemarker/templates/index.ftl to /Users/rramalho/workspace/jvm-analisys/vertx/web-examples/src/main/groovy/io/vertx/example/web/templating/freemarker
Generated /Users/rramalho/workspace/jvm-analisys/vertx/web-examples/src/main/kotlin/io/vertx/example/web/templating/freemarker/Server.kt
Copying resource /Users/rramalho/workspace/jvm-analisys/vertx/web-examples/src/main/java/io/vertx/example/web/templating/freemarker/templates/index.ftl to /Users/rramalho/workspace/jvm-analisys/vertx/web-examples/src/main/kotlin/io/vertx/example/web/templating/freemarker
Generated /Users/rramalho/workspace/jvm-analisys/vertx/web-examples/src/main/js/io/vertx/example/web/templating/freemarker/server.js
Copying resource /Users/rramalho/workspace/jvm-analisys/vertx/web-examples/src/main/java/io/vertx/example/web/templating/freemarker/templates/index.ftl to /Users/rramalho/workspace/jvm-analisys/vertx/web-examples/src/main/js/io/vertx/example/web/templating/freemarker
Generated /Users/rramalho/workspace/jvm-analisys/vertx/web-examples/src/main/ruby/io/vertx/example/web/templating/freemarker/server.rb
Copying resource /Users/rramalho/workspace/jvm-analisys/vertx/web-examples/src/main/java/io/vertx/example/web/templating/freemarker/templates/index.ftl to /Users/rramalho/workspace/jvm-analisys/vertx/web-examples/src/main/ruby/io/vertx/example/web/templating/freemarker
Skipping groovy translation for io.vertx.example.web.vertxbus.node.Server#startSkipping kotlin translation for io.vertx.example.web.vertxbus.node.Server#startSkipping js translation for io.vertx.example.web.vertxbus.node.Server#startSkipping ruby translation for io.vertx.example.web.vertxbus.node.Server#startGenerated /Users/rramalho/workspace/jvm-analisys/vertx/web-examples/src/main/groovy/io/vertx/example/web/staticsite/server.groovy
Copying resource /Users/rramalho/workspace/jvm-analisys/vertx/web-examples/src/main/java/io/vertx/example/web/staticsite/webroot/index.html to /Users/rramalho/workspace/jvm-analisys/vertx/web-examples/src/main/groovy/io/vertx/example/web/staticsite
Copying resource /Users/rramalho/workspace/jvm-analisys/vertx/web-examples/src/main/java/io/vertx/example/web/staticsite/webroot/page1.html to /Users/rramalho/workspace/jvm-analisys/vertx/web-examples/src/main/groovy/io/vertx/example/web/staticsite
Copying resource /Users/rramalho/workspace/jvm-analisys/vertx/web-examples/src/main/java/io/vertx/example/web/staticsite/webroot/page2.html to /Users/rramalho/workspace/jvm-analisys/vertx/web-examples/src/main/groovy/io/vertx/example/web/staticsite
Generated /Users/rramalho/workspace/jvm-analisys/vertx/web-examples/src/main/kotlin/io/vertx/example/web/staticsite/Server.kt
Copying resource /Users/rramalho/workspace/jvm-analisys/vertx/web-examples/src/main/java/io/vertx/example/web/staticsite/webroot/index.html to /Users/rramalho/workspace/jvm-analisys/vertx/web-examples/src/main/kotlin/io/vertx/example/web/staticsite
Copying resource /Users/rramalho/workspace/jvm-analisys/vertx/web-examples/src/main/java/io/vertx/example/web/staticsite/webroot/page1.html to /Users/rramalho/workspace/jvm-analisys/vertx/web-examples/src/main/kotlin/io/vertx/example/web/staticsite
Copying resource /Users/rramalho/workspace/jvm-analisys/vertx/web-examples/src/main/java/io/vertx/example/web/staticsite/webroot/page2.html to /Users/rramalho/workspace/jvm-analisys/vertx/web-examples/src/main/kotlin/io/vertx/example/web/staticsite
Generated /Users/rramalho/workspace/jvm-analisys/vertx/web-examples/src/main/js/io/vertx/example/web/staticsite/server.js
Copying resource /Users/rramalho/workspace/jvm-analisys/vertx/web-examples/src/main/java/io/vertx/example/web/staticsite/webroot/index.html to /Users/rramalho/workspace/jvm-analisys/vertx/web-examples/src/main/js/io/vertx/example/web/staticsite
Copying resource /Users/rramalho/workspace/jvm-analisys/vertx/web-examples/src/main/java/io/vertx/example/web/staticsite/webroot/page1.html to /Users/rramalho/workspace/jvm-analisys/vertx/web-examples/src/main/js/io/vertx/example/web/staticsite
Copying resource /Users/rramalho/workspace/jvm-analisys/vertx/web-examples/src/main/java/io/vertx/example/web/staticsite/webroot/page2.html to /Users/rramalho/workspace/jvm-analisys/vertx/web-examples/src/main/js/io/vertx/example/web/staticsite
Generated /Users/rramalho/workspace/jvm-analisys/vertx/web-examples/src/main/ruby/io/vertx/example/web/staticsite/server.rb
Copying resource /Users/rramalho/workspace/jvm-analisys/vertx/web-examples/src/main/java/io/vertx/example/web/staticsite/webroot/index.html to /Users/rramalho/workspace/jvm-analisys/vertx/web-examples/src/main/ruby/io/vertx/example/web/staticsite
Copying resource /Users/rramalho/workspace/jvm-analisys/vertx/web-examples/src/main/java/io/vertx/example/web/staticsite/webroot/page1.html to /Users/rramalho/workspace/jvm-analisys/vertx/web-examples/src/main/ruby/io/vertx/example/web/staticsite
Copying resource /Users/rramalho/workspace/jvm-analisys/vertx/web-examples/src/main/java/io/vertx/example/web/staticsite/webroot/page2.html to /Users/rramalho/workspace/jvm-analisys/vertx/web-examples/src/main/ruby/io/vertx/example/web/staticsite
Generated /Users/rramalho/workspace/jvm-analisys/vertx/web-examples/src/main/groovy/io/vertx/example/web/cors/server.groovy
Copying resource /Users/rramalho/workspace/jvm-analisys/vertx/web-examples/src/main/java/io/vertx/example/web/cors/webroot/index.html to /Users/rramalho/workspace/jvm-analisys/vertx/web-examples/src/main/groovy/io/vertx/example/web/cors
Copying resource /Users/rramalho/workspace/jvm-analisys/vertx/web-examples/src/main/java/io/vertx/example/web/cors/webroot/nopreflight.html to /Users/rramalho/workspace/jvm-analisys/vertx/web-examples/src/main/groovy/io/vertx/example/web/cors
Copying resource /Users/rramalho/workspace/jvm-analisys/vertx/web-examples/src/main/java/io/vertx/example/web/cors/webroot/preflight.html to /Users/rramalho/workspace/jvm-analisys/vertx/web-examples/src/main/groovy/io/vertx/example/web/cors
Generated /Users/rramalho/workspace/jvm-analisys/vertx/web-examples/src/main/kotlin/io/vertx/example/web/cors/Server.kt
Copying resource /Users/rramalho/workspace/jvm-analisys/vertx/web-examples/src/main/java/io/vertx/example/web/cors/webroot/index.html to /Users/rramalho/workspace/jvm-analisys/vertx/web-examples/src/main/kotlin/io/vertx/example/web/cors
Copying resource /Users/rramalho/workspace/jvm-analisys/vertx/web-examples/src/main/java/io/vertx/example/web/cors/webroot/nopreflight.html to /Users/rramalho/workspace/jvm-analisys/vertx/web-examples/src/main/kotlin/io/vertx/example/web/cors
Copying resource /Users/rramalho/workspace/jvm-analisys/vertx/web-examples/src/main/java/io/vertx/example/web/cors/webroot/preflight.html to /Users/rramalho/workspace/jvm-analisys/vertx/web-examples/src/main/kotlin/io/vertx/example/web/cors
Generated /Users/rramalho/workspace/jvm-analisys/vertx/web-examples/src/main/js/io/vertx/example/web/cors/server.js
Copying resource /Users/rramalho/workspace/jvm-analisys/vertx/web-examples/src/main/java/io/vertx/example/web/cors/webroot/index.html to /Users/rramalho/workspace/jvm-analisys/vertx/web-examples/src/main/js/io/vertx/example/web/cors
Copying resource /Users/rramalho/workspace/jvm-analisys/vertx/web-examples/src/main/java/io/vertx/example/web/cors/webroot/nopreflight.html to /Users/rramalho/workspace/jvm-analisys/vertx/web-examples/src/main/js/io/vertx/example/web/cors
Copying resource /Users/rramalho/workspace/jvm-analisys/vertx/web-examples/src/main/java/io/vertx/example/web/cors/webroot/preflight.html to /Users/rramalho/workspace/jvm-analisys/vertx/web-examples/src/main/js/io/vertx/example/web/cors
Generated /Users/rramalho/workspace/jvm-analisys/vertx/web-examples/src/main/ruby/io/vertx/example/web/cors/server.rb
Copying resource /Users/rramalho/workspace/jvm-analisys/vertx/web-examples/src/main/java/io/vertx/example/web/cors/webroot/index.html to /Users/rramalho/workspace/jvm-analisys/vertx/web-examples/src/main/ruby/io/vertx/example/web/cors
Copying resource /Users/rramalho/workspace/jvm-analisys/vertx/web-examples/src/main/java/io/vertx/example/web/cors/webroot/nopreflight.html to /Users/rramalho/workspace/jvm-analisys/vertx/web-examples/src/main/ruby/io/vertx/example/web/cors
Copying resource /Users/rramalho/workspace/jvm-analisys/vertx/web-examples/src/main/java/io/vertx/example/web/cors/webroot/preflight.html to /Users/rramalho/workspace/jvm-analisys/vertx/web-examples/src/main/ruby/io/vertx/example/web/cors
Generated /Users/rramalho/workspace/jvm-analisys/vertx/web-examples/src/main/groovy/io/vertx/example/web/custom_authorisation/server.groovy
Copying resource /Users/rramalho/workspace/jvm-analisys/vertx/web-examples/src/main/java/io/vertx/example/web/custom_authorisation/keystore.jceks to /Users/rramalho/workspace/jvm-analisys/vertx/web-examples/src/main/groovy/io/vertx/example/web/custom_authorisation
Copying resource /Users/rramalho/workspace/jvm-analisys/vertx/web-examples/src/main/java/io/vertx/example/web/custom_authorisation/webroot/index.html to /Users/rramalho/workspace/jvm-analisys/vertx/web-examples/src/main/groovy/io/vertx/example/web/custom_authorisation
Generated /Users/rramalho/workspace/jvm-analisys/vertx/web-examples/src/main/kotlin/io/vertx/example/web/custom_authorisation/Server.kt
Copying resource /Users/rramalho/workspace/jvm-analisys/vertx/web-examples/src/main/java/io/vertx/example/web/custom_authorisation/keystore.jceks to /Users/rramalho/workspace/jvm-analisys/vertx/web-examples/src/main/kotlin/io/vertx/example/web/custom_authorisation
Copying resource /Users/rramalho/workspace/jvm-analisys/vertx/web-examples/src/main/java/io/vertx/example/web/custom_authorisation/webroot/index.html to /Users/rramalho/workspace/jvm-analisys/vertx/web-examples/src/main/kotlin/io/vertx/example/web/custom_authorisation
Generated /Users/rramalho/workspace/jvm-analisys/vertx/web-examples/src/main/js/io/vertx/example/web/custom_authorisation/server.js
Copying resource /Users/rramalho/workspace/jvm-analisys/vertx/web-examples/src/main/java/io/vertx/example/web/custom_authorisation/keystore.jceks to /Users/rramalho/workspace/jvm-analisys/vertx/web-examples/src/main/js/io/vertx/example/web/custom_authorisation
Copying resource /Users/rramalho/workspace/jvm-analisys/vertx/web-examples/src/main/java/io/vertx/example/web/custom_authorisation/webroot/index.html to /Users/rramalho/workspace/jvm-analisys/vertx/web-examples/src/main/js/io/vertx/example/web/custom_authorisation
Generated /Users/rramalho/workspace/jvm-analisys/vertx/web-examples/src/main/ruby/io/vertx/example/web/custom_authorisation/server.rb
Copying resource /Users/rramalho/workspace/jvm-analisys/vertx/web-examples/src/main/java/io/vertx/example/web/custom_authorisation/keystore.jceks to /Users/rramalho/workspace/jvm-analisys/vertx/web-examples/src/main/ruby/io/vertx/example/web/custom_authorisation
Copying resource /Users/rramalho/workspace/jvm-analisys/vertx/web-examples/src/main/java/io/vertx/example/web/custom_authorisation/webroot/index.html to /Users/rramalho/workspace/jvm-analisys/vertx/web-examples/src/main/ruby/io/vertx/example/web/custom_authorisation
Skipping groovy translation for io.vertx.example.web.react.Server#startSkipping kotlin translation for io.vertx.example.web.react.Server#startSkipping js translation for io.vertx.example.web.react.Server#startSkipping ruby translation for io.vertx.example.web.react.Server#startGenerated /Users/rramalho/workspace/jvm-analisys/vertx/web-examples/src/main/groovy/io/vertx/example/web/templating/mvel/server.groovy
Copying resource /Users/rramalho/workspace/jvm-analisys/vertx/web-examples/src/main/java/io/vertx/example/web/templating/mvel/templates/mytempl.templ to /Users/rramalho/workspace/jvm-analisys/vertx/web-examples/src/main/groovy/io/vertx/example/web/templating/mvel
Copying resource /Users/rramalho/workspace/jvm-analisys/vertx/web-examples/src/main/java/io/vertx/example/web/templating/mvel/webroot/index.html to /Users/rramalho/workspace/jvm-analisys/vertx/web-examples/src/main/groovy/io/vertx/example/web/templating/mvel
Copying resource /Users/rramalho/workspace/jvm-analisys/vertx/web-examples/src/main/java/io/vertx/example/web/templating/mvel/webroot/page1.html to /Users/rramalho/workspace/jvm-analisys/vertx/web-examples/src/main/groovy/io/vertx/example/web/templating/mvel
Copying resource /Users/rramalho/workspace/jvm-analisys/vertx/web-examples/src/main/java/io/vertx/example/web/templating/mvel/webroot/page2.html to /Users/rramalho/workspace/jvm-analisys/vertx/web-examples/src/main/groovy/io/vertx/example/web/templating/mvel
Generated /Users/rramalho/workspace/jvm-analisys/vertx/web-examples/src/main/kotlin/io/vertx/example/web/templating/mvel/Server.kt
Copying resource /Users/rramalho/workspace/jvm-analisys/vertx/web-examples/src/main/java/io/vertx/example/web/templating/mvel/templates/mytempl.templ to /Users/rramalho/workspace/jvm-analisys/vertx/web-examples/src/main/kotlin/io/vertx/example/web/templating/mvel
Copying resource /Users/rramalho/workspace/jvm-analisys/vertx/web-examples/src/main/java/io/vertx/example/web/templating/mvel/webroot/index.html to /Users/rramalho/workspace/jvm-analisys/vertx/web-examples/src/main/kotlin/io/vertx/example/web/templating/mvel
Copying resource /Users/rramalho/workspace/jvm-analisys/vertx/web-examples/src/main/java/io/vertx/example/web/templating/mvel/webroot/page1.html to /Users/rramalho/workspace/jvm-analisys/vertx/web-examples/src/main/kotlin/io/vertx/example/web/templating/mvel
Copying resource /Users/rramalho/workspace/jvm-analisys/vertx/web-examples/src/main/java/io/vertx/example/web/templating/mvel/webroot/page2.html to /Users/rramalho/workspace/jvm-analisys/vertx/web-examples/src/main/kotlin/io/vertx/example/web/templating/mvel
Generated /Users/rramalho/workspace/jvm-analisys/vertx/web-examples/src/main/js/io/vertx/example/web/templating/mvel/server.js
Copying resource /Users/rramalho/workspace/jvm-analisys/vertx/web-examples/src/main/java/io/vertx/example/web/templating/mvel/templates/mytempl.templ to /Users/rramalho/workspace/jvm-analisys/vertx/web-examples/src/main/js/io/vertx/example/web/templating/mvel
Copying resource /Users/rramalho/workspace/jvm-analisys/vertx/web-examples/src/main/java/io/vertx/example/web/templating/mvel/webroot/index.html to /Users/rramalho/workspace/jvm-analisys/vertx/web-examples/src/main/js/io/vertx/example/web/templating/mvel
Copying resource /Users/rramalho/workspace/jvm-analisys/vertx/web-examples/src/main/java/io/vertx/example/web/templating/mvel/webroot/page1.html to /Users/rramalho/workspace/jvm-analisys/vertx/web-examples/src/main/js/io/vertx/example/web/templating/mvel
Copying resource /Users/rramalho/workspace/jvm-analisys/vertx/web-examples/src/main/java/io/vertx/example/web/templating/mvel/webroot/page2.html to /Users/rramalho/workspace/jvm-analisys/vertx/web-examples/src/main/js/io/vertx/example/web/templating/mvel
Generated /Users/rramalho/workspace/jvm-analisys/vertx/web-examples/src/main/ruby/io/vertx/example/web/templating/mvel/server.rb
Copying resource /Users/rramalho/workspace/jvm-analisys/vertx/web-examples/src/main/java/io/vertx/example/web/templating/mvel/templates/mytempl.templ to /Users/rramalho/workspace/jvm-analisys/vertx/web-examples/src/main/ruby/io/vertx/example/web/templating/mvel
Copying resource /Users/rramalho/workspace/jvm-analisys/vertx/web-examples/src/main/java/io/vertx/example/web/templating/mvel/webroot/index.html to /Users/rramalho/workspace/jvm-analisys/vertx/web-examples/src/main/ruby/io/vertx/example/web/templating/mvel
Copying resource /Users/rramalho/workspace/jvm-analisys/vertx/web-examples/src/main/java/io/vertx/example/web/templating/mvel/webroot/page1.html to /Users/rramalho/workspace/jvm-analisys/vertx/web-examples/src/main/ruby/io/vertx/example/web/templating/mvel
Copying resource /Users/rramalho/workspace/jvm-analisys/vertx/web-examples/src/main/java/io/vertx/example/web/templating/mvel/webroot/page2.html to /Users/rramalho/workspace/jvm-analisys/vertx/web-examples/src/main/ruby/io/vertx/example/web/templating/mvel
Skipping groovy translation for io.vertx.example.web.templating.handlebars.Server#startSkipping kotlin translation for io.vertx.example.web.templating.handlebars.Server#startSkipping js translation for io.vertx.example.web.templating.handlebars.Server#startSkipping ruby translation for io.vertx.example.web.templating.handlebars.Server#startSkipping groovy translation for io.vertx.example.web.mongo.Server#startSkipping kotlin translation for io.vertx.example.web.mongo.Server#startSkipping js translation for io.vertx.example.web.mongo.Server#startSkipping ruby translation for io.vertx.example.web.mongo.Server#startSkipping groovy translation for io.vertx.example.web.vertxbus.commonjs.Server#startSkipping kotlin translation for io.vertx.example.web.vertxbus.commonjs.Server#startSkipping js translation for io.vertx.example.web.vertxbus.commonjs.Server#startSkipping ruby translation for io.vertx.example.web.vertxbus.commonjs.Server#startSkipping groovy translation for io.vertx.example.web.jdbc.Server#startSkipping kotlin translation for io.vertx.example.web.jdbc.Server#startSkipping js translation for io.vertx.example.web.jdbc.Server#startSkipping ruby translation for io.vertx.example.web.jdbc.Server#startSkipping groovy translation for io.vertx.example.web.vertxbus.webpack.Server#startSkipping kotlin translation for io.vertx.example.web.vertxbus.webpack.Server#startSkipping js translation for io.vertx.example.web.vertxbus.webpack.Server#startSkipping ruby translation for io.vertx.example.web.vertxbus.webpack.Server#startGenerated /Users/rramalho/workspace/jvm-analisys/vertx/web-examples/src/main/groovy/io/vertx/example/web/http2/server.groovy
Copying resource /Users/rramalho/workspace/jvm-analisys/vertx/web-examples/src/main/java/io/vertx/example/web/http2/coin.png to /Users/rramalho/workspace/jvm-analisys/vertx/web-examples/src/main/groovy/io/vertx/example/web/http2
Generated /Users/rramalho/workspace/jvm-analisys/vertx/web-examples/src/main/kotlin/io/vertx/example/web/http2/Server.kt
Copying resource /Users/rramalho/workspace/jvm-analisys/vertx/web-examples/src/main/java/io/vertx/example/web/http2/coin.png to /Users/rramalho/workspace/jvm-analisys/vertx/web-examples/src/main/kotlin/io/vertx/example/web/http2
Generated /Users/rramalho/workspace/jvm-analisys/vertx/web-examples/src/main/js/io/vertx/example/web/http2/server.js
Copying resource /Users/rramalho/workspace/jvm-analisys/vertx/web-examples/src/main/java/io/vertx/example/web/http2/coin.png to /Users/rramalho/workspace/jvm-analisys/vertx/web-examples/src/main/js/io/vertx/example/web/http2
Generated /Users/rramalho/workspace/jvm-analisys/vertx/web-examples/src/main/ruby/io/vertx/example/web/http2/server.rb
Copying resource /Users/rramalho/workspace/jvm-analisys/vertx/web-examples/src/main/java/io/vertx/example/web/http2/coin.png to /Users/rramalho/workspace/jvm-analisys/vertx/web-examples/src/main/ruby/io/vertx/example/web/http2
Generated /Users/rramalho/workspace/jvm-analisys/vertx/web-examples/src/main/groovy/io/vertx/example/web/jwt/server.groovy
Copying resource /Users/rramalho/workspace/jvm-analisys/vertx/web-examples/src/main/java/io/vertx/example/web/jwt/keystore.jceks to /Users/rramalho/workspace/jvm-analisys/vertx/web-examples/src/main/groovy/io/vertx/example/web/jwt
Copying resource /Users/rramalho/workspace/jvm-analisys/vertx/web-examples/src/main/java/io/vertx/example/web/jwt/webroot/index.html to /Users/rramalho/workspace/jvm-analisys/vertx/web-examples/src/main/groovy/io/vertx/example/web/jwt
Generated /Users/rramalho/workspace/jvm-analisys/vertx/web-examples/src/main/kotlin/io/vertx/example/web/jwt/Server.kt
Copying resource /Users/rramalho/workspace/jvm-analisys/vertx/web-examples/src/main/java/io/vertx/example/web/jwt/keystore.jceks to /Users/rramalho/workspace/jvm-analisys/vertx/web-examples/src/main/kotlin/io/vertx/example/web/jwt
Copying resource /Users/rramalho/workspace/jvm-analisys/vertx/web-examples/src/main/java/io/vertx/example/web/jwt/webroot/index.html to /Users/rramalho/workspace/jvm-analisys/vertx/web-examples/src/main/kotlin/io/vertx/example/web/jwt
Generated /Users/rramalho/workspace/jvm-analisys/vertx/web-examples/src/main/js/io/vertx/example/web/jwt/server.js
Copying resource /Users/rramalho/workspace/jvm-analisys/vertx/web-examples/src/main/java/io/vertx/example/web/jwt/keystore.jceks to /Users/rramalho/workspace/jvm-analisys/vertx/web-examples/src/main/js/io/vertx/example/web/jwt
Copying resource /Users/rramalho/workspace/jvm-analisys/vertx/web-examples/src/main/java/io/vertx/example/web/jwt/webroot/index.html to /Users/rramalho/workspace/jvm-analisys/vertx/web-examples/src/main/js/io/vertx/example/web/jwt
Generated /Users/rramalho/workspace/jvm-analisys/vertx/web-examples/src/main/ruby/io/vertx/example/web/jwt/server.rb
Copying resource /Users/rramalho/workspace/jvm-analisys/vertx/web-examples/src/main/java/io/vertx/example/web/jwt/keystore.jceks to /Users/rramalho/workspace/jvm-analisys/vertx/web-examples/src/main/ruby/io/vertx/example/web/jwt
Copying resource /Users/rramalho/workspace/jvm-analisys/vertx/web-examples/src/main/java/io/vertx/example/web/jwt/webroot/index.html to /Users/rramalho/workspace/jvm-analisys/vertx/web-examples/src/main/ruby/io/vertx/example/web/jwt
Generated /Users/rramalho/workspace/jvm-analisys/vertx/web-examples/src/main/groovy/io/vertx/example/web/authorisation/server.groovy
Copying resource /Users/rramalho/workspace/jvm-analisys/vertx/web-examples/src/main/java/io/vertx/example/web/authorisation/keystore.jceks to /Users/rramalho/workspace/jvm-analisys/vertx/web-examples/src/main/groovy/io/vertx/example/web/authorisation
Copying resource /Users/rramalho/workspace/jvm-analisys/vertx/web-examples/src/main/java/io/vertx/example/web/authorisation/webroot/index.html to /Users/rramalho/workspace/jvm-analisys/vertx/web-examples/src/main/groovy/io/vertx/example/web/authorisation
Generated /Users/rramalho/workspace/jvm-analisys/vertx/web-examples/src/main/kotlin/io/vertx/example/web/authorisation/Server.kt
Copying resource /Users/rramalho/workspace/jvm-analisys/vertx/web-examples/src/main/java/io/vertx/example/web/authorisation/keystore.jceks to /Users/rramalho/workspace/jvm-analisys/vertx/web-examples/src/main/kotlin/io/vertx/example/web/authorisation
Copying resource /Users/rramalho/workspace/jvm-analisys/vertx/web-examples/src/main/java/io/vertx/example/web/authorisation/webroot/index.html to /Users/rramalho/workspace/jvm-analisys/vertx/web-examples/src/main/kotlin/io/vertx/example/web/authorisation
Generated /Users/rramalho/workspace/jvm-analisys/vertx/web-examples/src/main/js/io/vertx/example/web/authorisation/server.js
Copying resource /Users/rramalho/workspace/jvm-analisys/vertx/web-examples/src/main/java/io/vertx/example/web/authorisation/keystore.jceks to /Users/rramalho/workspace/jvm-analisys/vertx/web-examples/src/main/js/io/vertx/example/web/authorisation
Copying resource /Users/rramalho/workspace/jvm-analisys/vertx/web-examples/src/main/java/io/vertx/example/web/authorisation/webroot/index.html to /Users/rramalho/workspace/jvm-analisys/vertx/web-examples/src/main/js/io/vertx/example/web/authorisation
Generated /Users/rramalho/workspace/jvm-analisys/vertx/web-examples/src/main/ruby/io/vertx/example/web/authorisation/server.rb
Copying resource /Users/rramalho/workspace/jvm-analisys/vertx/web-examples/src/main/java/io/vertx/example/web/authorisation/keystore.jceks to /Users/rramalho/workspace/jvm-analisys/vertx/web-examples/src/main/ruby/io/vertx/example/web/authorisation
Copying resource /Users/rramalho/workspace/jvm-analisys/vertx/web-examples/src/main/java/io/vertx/example/web/authorisation/webroot/index.html to /Users/rramalho/workspace/jvm-analisys/vertx/web-examples/src/main/ruby/io/vertx/example/web/authorisation
Generated /Users/rramalho/workspace/jvm-analisys/vertx/web-examples/src/main/groovy/io/vertx/example/web/sessions/server.groovy
Generated /Users/rramalho/workspace/jvm-analisys/vertx/web-examples/src/main/kotlin/io/vertx/example/web/sessions/Server.kt
Generated /Users/rramalho/workspace/jvm-analisys/vertx/web-examples/src/main/js/io/vertx/example/web/sessions/server.js
Generated /Users/rramalho/workspace/jvm-analisys/vertx/web-examples/src/main/ruby/io/vertx/example/web/sessions/server.rb
Generated /Users/rramalho/workspace/jvm-analisys/vertx/web-examples/src/main/groovy/io/vertx/example/web/templating/pebble/server.groovy
Copying resource /Users/rramalho/workspace/jvm-analisys/vertx/web-examples/src/main/java/io/vertx/example/web/templating/pebble/templates/index.peb to /Users/rramalho/workspace/jvm-analisys/vertx/web-examples/src/main/groovy/io/vertx/example/web/templating/pebble
Generated /Users/rramalho/workspace/jvm-analisys/vertx/web-examples/src/main/kotlin/io/vertx/example/web/templating/pebble/Server.kt
Copying resource /Users/rramalho/workspace/jvm-analisys/vertx/web-examples/src/main/java/io/vertx/example/web/templating/pebble/templates/index.peb to /Users/rramalho/workspace/jvm-analisys/vertx/web-examples/src/main/kotlin/io/vertx/example/web/templating/pebble
Generated /Users/rramalho/workspace/jvm-analisys/vertx/web-examples/src/main/js/io/vertx/example/web/templating/pebble/server.js
Copying resource /Users/rramalho/workspace/jvm-analisys/vertx/web-examples/src/main/java/io/vertx/example/web/templating/pebble/templates/index.peb to /Users/rramalho/workspace/jvm-analisys/vertx/web-examples/src/main/js/io/vertx/example/web/templating/pebble
Generated /Users/rramalho/workspace/jvm-analisys/vertx/web-examples/src/main/ruby/io/vertx/example/web/templating/pebble/server.rb
Copying resource /Users/rramalho/workspace/jvm-analisys/vertx/web-examples/src/main/java/io/vertx/example/web/templating/pebble/templates/index.peb to /Users/rramalho/workspace/jvm-analisys/vertx/web-examples/src/main/ruby/io/vertx/example/web/templating/pebble
Generated /Users/rramalho/workspace/jvm-analisys/vertx/web-examples/src/main/groovy/io/vertx/example/web/upload/server.groovy
Generated /Users/rramalho/workspace/jvm-analisys/vertx/web-examples/src/main/kotlin/io/vertx/example/web/upload/Server.kt
Generated /Users/rramalho/workspace/jvm-analisys/vertx/web-examples/src/main/js/io/vertx/example/web/upload/server.js
Generated /Users/rramalho/workspace/jvm-analisys/vertx/web-examples/src/main/ruby/io/vertx/example/web/upload/server.rb
Skipping groovy translation for io.vertx.example.web.angular_realtime.Server#startSkipping kotlin translation for io.vertx.example.web.angular_realtime.Server#startSkipping js translation for io.vertx.example.web.angular_realtime.Server#startSkipping ruby translation for io.vertx.example.web.angular_realtime.Server#startGenerated /Users/rramalho/workspace/jvm-analisys/vertx/web-examples/src/main/groovy/io/vertx/example/web/auth/server.groovy
Copying resource /Users/rramalho/workspace/jvm-analisys/vertx/web-examples/src/main/java/io/vertx/example/web/auth/private/private_page.html to /Users/rramalho/workspace/jvm-analisys/vertx/web-examples/src/main/groovy/io/vertx/example/web/auth
Copying resource /Users/rramalho/workspace/jvm-analisys/vertx/web-examples/src/main/java/io/vertx/example/web/auth/webroot/index.html to /Users/rramalho/workspace/jvm-analisys/vertx/web-examples/src/main/groovy/io/vertx/example/web/auth
Copying resource /Users/rramalho/workspace/jvm-analisys/vertx/web-examples/src/main/java/io/vertx/example/web/auth/webroot/loginpage.html to /Users/rramalho/workspace/jvm-analisys/vertx/web-examples/src/main/groovy/io/vertx/example/web/auth
Copying resource /Users/rramalho/workspace/jvm-analisys/vertx/web-examples/src/main/java/io/vertx/example/web/auth/webroot/page1.html to /Users/rramalho/workspace/jvm-analisys/vertx/web-examples/src/main/groovy/io/vertx/example/web/auth
Generated /Users/rramalho/workspace/jvm-analisys/vertx/web-examples/src/main/kotlin/io/vertx/example/web/auth/Server.kt
Copying resource /Users/rramalho/workspace/jvm-analisys/vertx/web-examples/src/main/java/io/vertx/example/web/auth/private/private_page.html to /Users/rramalho/workspace/jvm-analisys/vertx/web-examples/src/main/kotlin/io/vertx/example/web/auth
Copying resource /Users/rramalho/workspace/jvm-analisys/vertx/web-examples/src/main/java/io/vertx/example/web/auth/webroot/index.html to /Users/rramalho/workspace/jvm-analisys/vertx/web-examples/src/main/kotlin/io/vertx/example/web/auth
Copying resource /Users/rramalho/workspace/jvm-analisys/vertx/web-examples/src/main/java/io/vertx/example/web/auth/webroot/loginpage.html to /Users/rramalho/workspace/jvm-analisys/vertx/web-examples/src/main/kotlin/io/vertx/example/web/auth
Copying resource /Users/rramalho/workspace/jvm-analisys/vertx/web-examples/src/main/java/io/vertx/example/web/auth/webroot/page1.html to /Users/rramalho/workspace/jvm-analisys/vertx/web-examples/src/main/kotlin/io/vertx/example/web/auth
Generated /Users/rramalho/workspace/jvm-analisys/vertx/web-examples/src/main/js/io/vertx/example/web/auth/server.js
Copying resource /Users/rramalho/workspace/jvm-analisys/vertx/web-examples/src/main/java/io/vertx/example/web/auth/private/private_page.html to /Users/rramalho/workspace/jvm-analisys/vertx/web-examples/src/main/js/io/vertx/example/web/auth
Copying resource /Users/rramalho/workspace/jvm-analisys/vertx/web-examples/src/main/java/io/vertx/example/web/auth/webroot/index.html to /Users/rramalho/workspace/jvm-analisys/vertx/web-examples/src/main/js/io/vertx/example/web/auth
Copying resource /Users/rramalho/workspace/jvm-analisys/vertx/web-examples/src/main/java/io/vertx/example/web/auth/webroot/loginpage.html to /Users/rramalho/workspace/jvm-analisys/vertx/web-examples/src/main/js/io/vertx/example/web/auth
Copying resource /Users/rramalho/workspace/jvm-analisys/vertx/web-examples/src/main/java/io/vertx/example/web/auth/webroot/page1.html to /Users/rramalho/workspace/jvm-analisys/vertx/web-examples/src/main/js/io/vertx/example/web/auth
Generated /Users/rramalho/workspace/jvm-analisys/vertx/web-examples/src/main/ruby/io/vertx/example/web/auth/server.rb
Copying resource /Users/rramalho/workspace/jvm-analisys/vertx/web-examples/src/main/java/io/vertx/example/web/auth/private/private_page.html to /Users/rramalho/workspace/jvm-analisys/vertx/web-examples/src/main/ruby/io/vertx/example/web/auth
Copying resource /Users/rramalho/workspace/jvm-analisys/vertx/web-examples/src/main/java/io/vertx/example/web/auth/webroot/index.html to /Users/rramalho/workspace/jvm-analisys/vertx/web-examples/src/main/ruby/io/vertx/example/web/auth
Copying resource /Users/rramalho/workspace/jvm-analisys/vertx/web-examples/src/main/java/io/vertx/example/web/auth/webroot/loginpage.html to /Users/rramalho/workspace/jvm-analisys/vertx/web-examples/src/main/ruby/io/vertx/example/web/auth
Copying resource /Users/rramalho/workspace/jvm-analisys/vertx/web-examples/src/main/java/io/vertx/example/web/auth/webroot/page1.html to /Users/rramalho/workspace/jvm-analisys/vertx/web-examples/src/main/ruby/io/vertx/example/web/auth
